This is XeTeX, Version 3.14159265-2.6-0.99999 (TeX Live 2018/Arch Linux) (preloaded format=xelatex 2018.12.21)  25 DEC 2018 12:20
entering extended mode
 restricted \write18 enabled.
 file:line:error style messages enabled.
 %&-line parsing enabled.
**/home/kid/Projects/Awesome-CV/examples/cv
(/home/kid/Projects/Awesome-CV/examples/cv.tex
LaTeX2e <2018-04-01> patch level 5

! LaTeX Error: File `awesome-cv.cls' not found.

Type X to quit or <RETURN> to proceed,
or enter new name. (Default extension: cls)

Enter file name: 
/home/kid/Projects/Awesome-CV/examples/cv.tex:20: Emergency stop.
<read *> 
         
l.20 ^^M
        
*** (cannot \read from terminal in nonstop modes)

 
Here is how much of TeX's memory you used:
 10 strings out of 492956
 206 string characters out of 6139023
 63987 words of memory out of 5000000
 4123 multiletter control sequences out of 15000+600000
 3640 words of font info for 14 fonts, out of 8000000 for 9000
 1348 hyphenation exceptions out of 8191
 10i,0n,8p,124b,8s stack positions out of 5000i,500n,10000p,200000b,80000s
No pages of output.
